Performing C++ SOURCE FILE Test CMAKE_HAVE_LIBC_PTHREAD failed with the following output:
Change Dir: /root/test_1/build/CMakeFiles/CMakeTmp

Run Build Command(s):/usr/bin/make -f Makefile cmTC_79d00/fast && /usr/bin/make  -f CMakeFiles/cmTC_79d00.dir/build.make CMakeFiles/cmTC_79d00.dir/build
make[1]: Entering directory '/root/test_1/build/CMakeFiles/CMakeTmp'
Building CXX object CMakeFiles/cmTC_79d00.dir/src.cxx.o
/usr/bin/c++ -DCMAKE_HAVE_LIBC_PTHREAD  -std=gnu++20 -o CMakeFiles/cmTC_79d00.dir/src.cxx.o -c /root/test_1/build/CMakeFiles/CMakeTmp/src.cxx
Linking CXX executable cmTC_79d00
/usr/local/cmake/bin/cmake -E cmake_link_script CMakeFiles/cmTC_79d00.dir/link.txt --verbose=1
/usr/bin/c++ CMakeFiles/cmTC_79d00.dir/src.cxx.o -o cmTC_79d00 
/usr/bin/ld: CMakeFiles/cmTC_79d00.dir/src.cxx.o: in function `main':
src.cxx:(.text+0x46): undefined reference to `pthread_create'
/usr/bin/ld: src.cxx:(.text+0x52): undefined reference to `pthread_detach'
/usr/bin/ld: src.cxx:(.text+0x5e): undefined reference to `pthread_cancel'
/usr/bin/ld: src.cxx:(.text+0x6f): undefined reference to `pthread_join'
collect2: error: ld returned 1 exit status
make[1]: *** [CMakeFiles/cmTC_79d00.dir/build.make:99: cmTC_79d00] Error 1
make[1]: Leaving directory '/root/test_1/build/CMakeFiles/CMakeTmp'
make: *** [Makefile:127: cmTC_79d00/fast] Error 2


Source file was:
#include <pthread.h>

static void* test_func(void* data)
{
  return data;
}

int main(void)
{
  pthread_t thread;
  pthread_create(&thread, NULL, test_func, NULL);
  pthread_detach(thread);
  pthread_cancel(thread);
  pthread_join(thread, NULL);
  pthread_atfork(NULL, NULL, NULL);
  pthread_exit(NULL);

  return 0;
}

Determining if the function pthread_create exists in the pthreads failed with the following output:
Change Dir: /root/test_1/build/CMakeFiles/CMakeTmp

Run Build Command(s):/usr/bin/make -f Makefile cmTC_705cd/fast && /usr/bin/make  -f CMakeFiles/cmTC_705cd.dir/build.make CMakeFiles/cmTC_705cd.dir/build
make[1]: Entering directory '/root/test_1/build/CMakeFiles/CMakeTmp'
Building CXX object CMakeFiles/cmTC_705cd.dir/CheckFunctionExists.cxx.o
/usr/bin/c++   -DCHECK_FUNCTION_EXISTS=pthread_create -std=gnu++20 -o CMakeFiles/cmTC_705cd.dir/CheckFunctionExists.cxx.o -c /root/test_1/build/CMakeFiles/CheckLibraryExists/CheckFunctionExists.cxx
Linking CXX executable cmTC_705cd
/usr/local/cmake/bin/cmake -E cmake_link_script CMakeFiles/cmTC_705cd.dir/link.txt --verbose=1
/usr/bin/c++  -DCHECK_FUNCTION_EXISTS=pthread_create CMakeFiles/cmTC_705cd.dir/CheckFunctionExists.cxx.o -o cmTC_705cd  -lpthreads 
/usr/bin/ld: cannot find -lpthreads
collect2: error: ld returned 1 exit status
make[1]: *** [CMakeFiles/cmTC_705cd.dir/build.make:99: cmTC_705cd] Error 1
make[1]: Leaving directory '/root/test_1/build/CMakeFiles/CMakeTmp'
make: *** [Makefile:127: cmTC_705cd/fast] Error 2



